<?xml version="1.0" encoding="UTF-8"?>
<!-- Generated by org.testng.reporters.JUnitXMLReporter -->
<testsuite hostname="DESKTOP-GH0O435" ignored="1" name="Command line test" tests="4" failures="0" timestamp="30 Apr 2020 21:10:00 GMT" time="25.169" errors="0">
  <testcase name="verifyHomePageTitleTest" time="0.039" classname="Com.qa.hubspot.tests.HomePageTest"/>
  <testcase name="verifyHomePageHeaderTest" time="0.158" classname="Com.qa.hubspot.tests.HomePageTest"/>
  <testcase name="verifySignUpLinkTest" time="0.042" classname="Com.qa.hubspot.tests.LoginPageTest"/>
  <testcase name="loginTest" time="0.492" classname="Com.qa.hubspot.tests.LoginPageTest"/>
  <testcase name="verifyLoginPageTitleTest" time="0.0" classname="Com.qa.hubspot.tests.LoginPageTest">
    <ignored/>
  </testcase> <!-- verifyLoginPageTitleTest -->
</testsuite> <!-- Command line test -->
